2014-12-08 23:20:30: -- go local - www: ANALYSIS started by User on 'LAP' (GoodSync 9.4.8.5)
2014-12-08 23:20:30: C:\xampp\htdocs\gewoonoefenen.nl\go2 <-> ftp://gewoonoefenen.nl/httpdocs/go2
2014-12-08 23:20:30: links: Bestanden: 1.027 (uitgesloten 2). Mappen: 139 (uitgesloten 2). C: NTFS, Vrij: 12,4 GB, Totaal: 69,3 GB
2014-12-08 23:21:00: rechts: Bestanden: 1.022 (uitgesloten 0). Mappen: 139 (uitgesloten 1). FTP: ProFTPD 1.3.0 Server (ProFTPD) [46.235.47.119]
2014-12-08 23:21:00: Veranderingen: 7, Conflicten: 0, Kopieertijd: 0, Kopieerstatus: 0/0, Fouten: 0
2014-12-08 23:21:00: Left to Right: Copy File: 7 
2014-12-08 23:21:00: -- Analysis Completed. Time 00:00:31, Speed: 37 files/s
2014-12-08 23:21:00: 
2014-12-08 23:21:04: == go local - www: SYNC started by User on 'LAP'
2014-12-08 23:21:04: C:\xampp\htdocs\gewoonoefenen.nl\go2 <-> ftp://gewoonoefenen.nl/httpdocs/go2
2014-12-08 23:21:06: Kopieer Over 'C:\xampp\htdocs\gewoonoefenen.nl\go2\acom\in_smgn.php' -> 'ftp://gewoonoefenen.nl/httpdocs/go2/acom/in_smgn.php'
2014-12-08 23:21:06: Kopieer Over 'C:\xampp\htdocs\gewoonoefenen.nl\go2\acom\in_smtn.php' -> 'ftp://gewoonoefenen.nl/httpdocs/go2/acom/in_smtn.php'
2014-12-08 23:21:07: Kopieer Nieuw 'C:\xampp\htdocs\gewoonoefenen.nl\go2\zfil\UPTS30255155.xlsx' -> 'ftp://gewoonoefenen.nl/httpdocs/go2/zfil/UPTS30255155.xlsx'
2014-12-08 23:21:08: Kopieer Nieuw 'C:\xampp\htdocs\gewoonoefenen.nl\go2\zfil\UPTS30255441.xlsx' -> 'ftp://gewoonoefenen.nl/httpdocs/go2/zfil/UPTS30255441.xlsx'
2014-12-08 23:21:08: Kopieer Nieuw 'C:\xampp\htdocs\gewoonoefenen.nl\go2\zfil\UPTS30256002.xlsx' -> 'ftp://gewoonoefenen.nl/httpdocs/go2/zfil/UPTS30256002.xlsx'
2014-12-08 23:21:09: Kopieer Nieuw 'C:\xampp\htdocs\gewoonoefenen.nl\go2\zfil\UPTS30256374.xlsx' -> 'ftp://gewoonoefenen.nl/httpdocs/go2/zfil/UPTS30256374.xlsx'
2014-12-08 23:21:10: Kopieer Nieuw 'C:\xampp\htdocs\gewoonoefenen.nl\go2\zfil\UPTS30258091.xlsx' -> 'ftp://gewoonoefenen.nl/httpdocs/go2/zfil/UPTS30258091.xlsx'
2014-12-08 23:21:11: Opslaan Status Bestand ftp://gewoonoefenen.nl/httpdocs/go2/_gsdata_/_file_state_v4._gs
2014-12-08 23:21:11: Items gesynchroniseerd OK: 7, fouten: 0
2014-12-08 23:21:11: == Sync Completed. Time: 00:00:08, Speed: 18,3 kB/s (29,5 kB/s)
2014-12-08 23:21:12: 
