2014-12-05 18:50:37: -- go local - www: ANALYSIS started by User on 'LAP' (GoodSync 9.4.8.5)
2014-12-05 18:50:37: C:\xampp\htdocs\gewoonoefenen.nl\go2 <-> ftp://gewoonoefenen.nl/httpdocs/go2
2014-12-05 18:50:38: links: Bestanden: 1.035 (uitgesloten 2). Mappen: 139 (uitgesloten 2). C: NTFS, Vrij: 11,9 GB, Totaal: 69,3 GB
2014-12-05 18:51:15: rechts: Bestanden: 1.037 (uitgesloten 0). Mappen: 139 (uitgesloten 1). FTP: ProFTPD 1.3.0 Server (ProFTPD) [46.235.47.119]
2014-12-05 18:51:15: Veranderingen: 12, Conflicten: 0, Kopieertijd: 0, Kopieerstatus: 0/0, Fouten: 0
2014-12-05 18:51:15: Left to Right: Copy File: 7 Delete File: 5 
2014-12-05 18:51:15: -- Analysis Completed. Time 00:00:39, Speed: 30 files/s
2014-12-05 18:51:15: 
2014-12-05 19:20:10: == go local - www: SYNC started by User on 'LAP'
2014-12-05 19:20:10: C:\xampp\htdocs\gewoonoefenen.nl\go2 <-> ftp://gewoonoefenen.nl/httpdocs/go2
2014-12-05 19:20:11: Verwijder Bestand 'ftp://gewoonoefenen.nl/httpdocs/go2/zfil/UPTS29740249.xlsx'
- FOUT: Cannot move destination file to history folder: ftp://gewoonoefenen.nl/httpdocs/go2/_gsdata_/_saved_/zfil/UPTS29740249.xlsx: cannot RNFR: /httpdocs/go2/zfil/UPTS29740249.xlsx: No such file or directory
2014-12-05 19:20:11: Verwijder Bestand 'ftp://gewoonoefenen.nl/httpdocs/go2/zfil/UPTS29801695.xlsx'
- FOUT: Cannot move destination file to history folder: ftp://gewoonoefenen.nl/httpdocs/go2/_gsdata_/_saved_/zfil/UPTS29801695.xlsx: cannot RNFR: /httpdocs/go2/zfil/UPTS29801695.xlsx: No such file or directory
2014-12-05 19:20:11: Verwijder Bestand 'ftp://gewoonoefenen.nl/httpdocs/go2/zfil/UPTS29805516.xlsx'
2014-12-05 19:20:12: Verwijder Bestand 'ftp://gewoonoefenen.nl/httpdocs/go2/zfil/UPTS29805689.xlsx'
2014-12-05 19:20:12: Verwijder Bestand 'ftp://gewoonoefenen.nl/httpdocs/go2/zfil/UPTS29805820.xlsx'
2014-12-05 19:20:12: Kopieer Over 'C:\xampp\htdocs\gewoonoefenen.nl\go2\acom\gosm.js' -> 'ftp://gewoonoefenen.nl/httpdocs/go2/acom/gosm.js'
2014-12-05 19:20:13: Kopieer Over 'C:\xampp\htdocs\gewoonoefenen.nl\go2\acom\in_smgn.php' -> 'ftp://gewoonoefenen.nl/httpdocs/go2/acom/in_smgn.php'
2014-12-05 19:20:14: Kopieer Over 'C:\xampp\htdocs\gewoonoefenen.nl\go2\acom\in_smtn.php' -> 'ftp://gewoonoefenen.nl/httpdocs/go2/acom/in_smtn.php'
2014-12-05 19:20:14: Kopieer Over 'C:\xampp\htdocs\gewoonoefenen.nl\go2\acom\up_smtn.php' -> 'ftp://gewoonoefenen.nl/httpdocs/go2/acom/up_smtn.php'
2014-12-05 19:20:15: Kopieer Nieuw 'C:\xampp\htdocs\gewoonoefenen.nl\go2\zfil\UPTS29982622.xlsx' -> 'ftp://gewoonoefenen.nl/httpdocs/go2/zfil/UPTS29982622.xlsx'
2014-12-05 19:20:16: Kopieer Nieuw 'C:\xampp\htdocs\gewoonoefenen.nl\go2\zfil\UPTS29982628.xlsx' -> 'ftp://gewoonoefenen.nl/httpdocs/go2/zfil/UPTS29982628.xlsx'
2014-12-05 19:20:17: Kopieer Nieuw 'C:\xampp\htdocs\gewoonoefenen.nl\go2\zfil\UPTS29982631.xlsx' -> 'ftp://gewoonoefenen.nl/httpdocs/go2/zfil/UPTS29982631.xlsx'
2014-12-05 19:20:18: Opslaan Status Bestand ftp://gewoonoefenen.nl/httpdocs/go2/_gsdata_/_file_state_v4._gs
2014-12-05 19:20:18: Sync voltooid met 2 fouten. Klik op fouten knop om de fouten te zien
2014-12-05 19:20:18: Items gesynchroniseerd OK: 10, fouten: 2
2014-12-05 19:20:19: == Sync Completed. Time: 00:00:10, Speed: 13,8 kB/s (21,4 kB/s)
2014-12-05 19:20:19: 
