2014-10-25 10:50:08: -- go local - www: ANALYSIS started by User on 'LAP' (GoodSync 9.4.8.5)
2014-10-25 10:50:08: C:\xampp\htdocs\gewoonoefenen.nl\go2 <-> ftp://gewoonoefenen.nl/httpdocs/go2
2014-10-25 10:50:08: links: Bestanden: 1.043 (uitgesloten 2). Mappen: 139 (uitgesloten 2). C: NTFS, Vrij: 7,44 GB, Totaal: 69,3 GB
2014-10-25 10:50:41: rechts: Bestanden: 1.023 (uitgesloten 0). Mappen: 139 (uitgesloten 1). FTP: ProFTPD 1.3.0 Server (ProFTPD) [46.235.47.119]
2014-10-25 10:50:41: Veranderingen: 44, Conflicten: 0, Kopieertijd: 0, Kopieerstatus: 0/0, Fouten: 0
2014-10-25 10:50:41: Left to Right: Copy File: 33 Delete File: 11 
2014-10-25 10:50:41: -- Analysis Completed. Time 00:00:34, Speed: 35 files/s
2014-10-25 10:50:41: 
2014-10-25 10:51:13: == go local - www: SYNC started by User on 'LAP'
2014-10-25 10:51:13: C:\xampp\htdocs\gewoonoefenen.nl\go2 <-> ftp://gewoonoefenen.nl/httpdocs/go2
2014-10-25 10:51:14: Verwijder Bestand 'ftp://gewoonoefenen.nl/httpdocs/go2/zfil/UPTS25730158.xlsx'
2014-10-25 10:51:15: Verwijder Bestand 'ftp://gewoonoefenen.nl/httpdocs/go2/zfil/UPTS25732830.xlsx'
2014-10-25 10:51:15: Verwijder Bestand 'ftp://gewoonoefenen.nl/httpdocs/go2/zfil/UPTS25744793.xlsx'
2014-10-25 10:51:15: Verwijder Bestand 'ftp://gewoonoefenen.nl/httpdocs/go2/zfil/UPTS25744981.xlsx'
2014-10-25 10:51:15: Verwijder Bestand 'ftp://gewoonoefenen.nl/httpdocs/go2/zfil/UPTS25745715.xlsx'
2014-10-25 10:51:15: Verwijder Bestand 'ftp://gewoonoefenen.nl/httpdocs/go2/zfil/UPTS25829363.xlsx'
2014-10-25 10:51:15: Verwijder Bestand 'ftp://gewoonoefenen.nl/httpdocs/go2/zfil/UPTS25829438.xlsx'
2014-10-25 10:51:15: Verwijder Bestand 'ftp://gewoonoefenen.nl/httpdocs/go2/zfil/UPTS25835585.xlsx'
2014-10-25 10:51:15: Verwijder Bestand 'ftp://gewoonoefenen.nl/httpdocs/go2/zfil/UPTS25836571.xlsx'
2014-10-25 10:51:16: Verwijder Bestand 'ftp://gewoonoefenen.nl/httpdocs/go2/zfil/UPTS25840109.xlsx'
2014-10-25 10:51:16: Verwijder Bestand 'ftp://gewoonoefenen.nl/httpdocs/go2/zfil/UPTS25840803.xlsx'
2014-10-25 10:51:16: Kopieer Over 'C:\xampp\htdocs\gewoonoefenen.nl\go2\acom\in_smgn.php' -> 'ftp://gewoonoefenen.nl/httpdocs/go2/acom/in_smgn.php'
2014-10-25 10:51:20: Kopieer Over 'C:\xampp\htdocs\gewoonoefenen.nl\go2\acom\up_cold.php' -> 'ftp://gewoonoefenen.nl/httpdocs/go2/acom/up_cold.php'
2014-10-25 10:51:21: Kopieer Nieuw 'C:\xampp\htdocs\gewoonoefenen.nl\go2\zfil\UPTS26333659.xlsx' -> 'ftp://gewoonoefenen.nl/httpdocs/go2/zfil/UPTS26333659.xlsx'
2014-10-25 10:51:21: Kopieer Nieuw 'C:\xampp\htdocs\gewoonoefenen.nl\go2\zfil\UPTS26333818.xlsx' -> 'ftp://gewoonoefenen.nl/httpdocs/go2/zfil/UPTS26333818.xlsx'
2014-10-25 10:51:22: Kopieer Nieuw 'C:\xampp\htdocs\gewoonoefenen.nl\go2\zfil\UPTS26333923.xlsx' -> 'ftp://gewoonoefenen.nl/httpdocs/go2/zfil/UPTS26333923.xlsx'
2014-10-25 10:51:23: Kopieer Nieuw 'C:\xampp\htdocs\gewoonoefenen.nl\go2\zfil\UPTS26334385.xlsx' -> 'ftp://gewoonoefenen.nl/httpdocs/go2/zfil/UPTS26334385.xlsx'
2014-10-25 10:51:23: Kopieer Nieuw 'C:\xampp\htdocs\gewoonoefenen.nl\go2\zfil\UPTS26335184.xlsx' -> 'ftp://gewoonoefenen.nl/httpdocs/go2/zfil/UPTS26335184.xlsx'
2014-10-25 10:51:24: Kopieer Nieuw 'C:\xampp\htdocs\gewoonoefenen.nl\go2\zfil\UPTS26335247.xlsx' -> 'ftp://gewoonoefenen.nl/httpdocs/go2/zfil/UPTS26335247.xlsx'
2014-10-25 10:51:25: Kopieer Nieuw 'C:\xampp\htdocs\gewoonoefenen.nl\go2\zfil\UPTS26335514.xlsx' -> 'ftp://gewoonoefenen.nl/httpdocs/go2/zfil/UPTS26335514.xlsx'
2014-10-25 10:51:26: Kopieer Nieuw 'C:\xampp\htdocs\gewoonoefenen.nl\go2\zfil\UPTS26336328.xlsx' -> 'ftp://gewoonoefenen.nl/httpdocs/go2/zfil/UPTS26336328.xlsx'
2014-10-25 10:51:27: Kopieer Nieuw 'C:\xampp\htdocs\gewoonoefenen.nl\go2\zfil\UPTS26336579.xlsx' -> 'ftp://gewoonoefenen.nl/httpdocs/go2/zfil/UPTS26336579.xlsx'
2014-10-25 10:51:28: Kopieer Nieuw 'C:\xampp\htdocs\gewoonoefenen.nl\go2\zfil\UPTS26336610.xlsx' -> 'ftp://gewoonoefenen.nl/httpdocs/go2/zfil/UPTS26336610.xlsx'
2014-10-25 10:51:29: Kopieer Nieuw 'C:\xampp\htdocs\gewoonoefenen.nl\go2\zfil\UPTS26337432.xlsx' -> 'ftp://gewoonoefenen.nl/httpdocs/go2/zfil/UPTS26337432.xlsx'
2014-10-25 10:51:30: Kopieer Nieuw 'C:\xampp\htdocs\gewoonoefenen.nl\go2\zfil\UPTS26337594.xlsx' -> 'ftp://gewoonoefenen.nl/httpdocs/go2/zfil/UPTS26337594.xlsx'
2014-10-25 10:51:31: Kopieer Nieuw 'C:\xampp\htdocs\gewoonoefenen.nl\go2\zfil\UPTS26337708.xlsx' -> 'ftp://gewoonoefenen.nl/httpdocs/go2/zfil/UPTS26337708.xlsx'
2014-10-25 10:51:32: Kopieer Nieuw 'C:\xampp\htdocs\gewoonoefenen.nl\go2\zfil\UPTS26337830.xlsx' -> 'ftp://gewoonoefenen.nl/httpdocs/go2/zfil/UPTS26337830.xlsx'
2014-10-25 10:51:32: Kopieer Nieuw 'C:\xampp\htdocs\gewoonoefenen.nl\go2\zfil\UPTS26338726.xlsx' -> 'ftp://gewoonoefenen.nl/httpdocs/go2/zfil/UPTS26338726.xlsx'
2014-10-25 10:51:33: Kopieer Nieuw 'C:\xampp\htdocs\gewoonoefenen.nl\go2\zfil\UPTS26338927.xlsx' -> 'ftp://gewoonoefenen.nl/httpdocs/go2/zfil/UPTS26338927.xlsx'
2014-10-25 10:51:34: Kopieer Nieuw 'C:\xampp\htdocs\gewoonoefenen.nl\go2\zfil\UPTS26339005.xlsx' -> 'ftp://gewoonoefenen.nl/httpdocs/go2/zfil/UPTS26339005.xlsx'
2014-10-25 10:51:35: Kopieer Nieuw 'C:\xampp\htdocs\gewoonoefenen.nl\go2\zfil\UPTS26339020.xlsx' -> 'ftp://gewoonoefenen.nl/httpdocs/go2/zfil/UPTS26339020.xlsx'
2014-10-25 10:51:36: Kopieer Nieuw 'C:\xampp\htdocs\gewoonoefenen.nl\go2\zfil\UPTS26339207.xlsx' -> 'ftp://gewoonoefenen.nl/httpdocs/go2/zfil/UPTS26339207.xlsx'
2014-10-25 10:51:36: Kopieer Nieuw 'C:\xampp\htdocs\gewoonoefenen.nl\go2\zfil\UPTS26339341.xlsx' -> 'ftp://gewoonoefenen.nl/httpdocs/go2/zfil/UPTS26339341.xlsx'
2014-10-25 10:51:37: Kopieer Nieuw 'C:\xampp\htdocs\gewoonoefenen.nl\go2\zfil\UPTS26339350.xlsx' -> 'ftp://gewoonoefenen.nl/httpdocs/go2/zfil/UPTS26339350.xlsx'
2014-10-25 10:51:38: Kopieer Nieuw 'C:\xampp\htdocs\gewoonoefenen.nl\go2\zfil\UPTS26339450.xlsx' -> 'ftp://gewoonoefenen.nl/httpdocs/go2/zfil/UPTS26339450.xlsx'
2014-10-25 10:51:39: Kopieer Nieuw 'C:\xampp\htdocs\gewoonoefenen.nl\go2\zfil\UPTS26339692.xlsx' -> 'ftp://gewoonoefenen.nl/httpdocs/go2/zfil/UPTS26339692.xlsx'
2014-10-25 10:51:39: Kopieer Nieuw 'C:\xampp\htdocs\gewoonoefenen.nl\go2\zfil\UPTS26340038.xlsx' -> 'ftp://gewoonoefenen.nl/httpdocs/go2/zfil/UPTS26340038.xlsx'
2014-10-25 10:51:40: Kopieer Nieuw 'C:\xampp\htdocs\gewoonoefenen.nl\go2\zfil\UPTS26340179.xlsx' -> 'ftp://gewoonoefenen.nl/httpdocs/go2/zfil/UPTS26340179.xlsx'
2014-10-25 10:51:44: Kopieer Nieuw 'C:\xampp\htdocs\gewoonoefenen.nl\go2\zfil\UPTS26340262.xlsx' -> 'ftp://gewoonoefenen.nl/httpdocs/go2/zfil/UPTS26340262.xlsx'
2014-10-25 10:51:45: Kopieer Nieuw 'C:\xampp\htdocs\gewoonoefenen.nl\go2\zfil\UPTS26349341.xlsx' -> 'ftp://gewoonoefenen.nl/httpdocs/go2/zfil/UPTS26349341.xlsx'
2014-10-25 10:51:46: Kopieer Nieuw 'C:\xampp\htdocs\gewoonoefenen.nl\go2\zfil\UPTS26349940.xlsx' -> 'ftp://gewoonoefenen.nl/httpdocs/go2/zfil/UPTS26349940.xlsx'
2014-10-25 10:51:47: Kopieer Nieuw 'C:\xampp\htdocs\gewoonoefenen.nl\go2\zfil\UPTS26350079.xlsx' -> 'ftp://gewoonoefenen.nl/httpdocs/go2/zfil/UPTS26350079.xlsx'
2014-10-25 10:51:48: Kopieer Nieuw 'C:\xampp\htdocs\gewoonoefenen.nl\go2\zfil\UPTS26350347.xlsx' -> 'ftp://gewoonoefenen.nl/httpdocs/go2/zfil/UPTS26350347.xlsx'
2014-10-25 10:51:49: Kopieer Nieuw 'C:\xampp\htdocs\gewoonoefenen.nl\go2\zfil\UPTS26408045.xlsx' -> 'ftp://gewoonoefenen.nl/httpdocs/go2/zfil/UPTS26408045.xlsx'
2014-10-25 10:51:50: Opslaan Status Bestand ftp://gewoonoefenen.nl/httpdocs/go2/_gsdata_/_file_state_v4._gs
2014-10-25 10:51:53: Items gesynchroniseerd OK: 44, fouten: 0
2014-10-25 10:51:54: == Sync Completed. Time: 00:00:50, Speed: 13,2 kB/s (16,2 kB/s)
2014-10-25 10:51:54: 
