2014-12-10 00:07:42: -- go local - www: ANALYSIS started by User on 'LAP' (GoodSync 9.4.8.5)
2014-12-10 00:07:42: C:\xampp\htdocs\gewoonoefenen.nl\go2 <-> ftp://gewoonoefenen.nl/httpdocs/go2
2014-12-10 00:07:42: links: Bestanden: 1.020 (uitgesloten 2). Mappen: 139 (uitgesloten 2). C: NTFS, Vrij: 12,8 GB, Totaal: 69,3 GB
2014-12-10 00:08:15: rechts: Bestanden: 1.027 (uitgesloten 0). Mappen: 139 (uitgesloten 1). FTP: ProFTPD 1.3.0 Server (ProFTPD) [46.235.47.119]
2014-12-10 00:08:15: Veranderingen: 8, Conflicten: 0, Kopieertijd: 0, Kopieerstatus: 0/0, Fouten: 0
2014-12-10 00:08:15: Left to Right: Copy File: 1 Delete File: 7 
2014-12-10 00:08:15: -- Analysis Completed. Time 00:00:33, Speed: 35 files/s
2014-12-10 00:08:15: 
2014-12-10 00:09:42: == go local - www: SYNC started by User on 'LAP'
2014-12-10 00:09:42: C:\xampp\htdocs\gewoonoefenen.nl\go2 <-> ftp://gewoonoefenen.nl/httpdocs/go2
2014-12-10 00:09:44: Verwijder Bestand 'ftp://gewoonoefenen.nl/httpdocs/go2/zfil/UPTS30161497.xlsx'
2014-12-10 00:09:44: Verwijder Bestand 'ftp://gewoonoefenen.nl/httpdocs/go2/zfil/UPTS30164108.xlsx'
2014-12-10 00:09:44: Verwijder Bestand 'ftp://gewoonoefenen.nl/httpdocs/go2/zfil/UPTS30164991.xlsx'
2014-12-10 00:09:44: Verwijder Bestand 'ftp://gewoonoefenen.nl/httpdocs/go2/zfil/UPTS30165253.xlsx'
2014-12-10 00:09:44: Verwijder Bestand 'ftp://gewoonoefenen.nl/httpdocs/go2/zfil/UPTS30165361.xlsx'
2014-12-10 00:09:45: Verwijder Bestand 'ftp://gewoonoefenen.nl/httpdocs/go2/zfil/UPTS30166072.xlsx'
2014-12-10 00:09:45: Verwijder Bestand 'ftp://gewoonoefenen.nl/httpdocs/go2/zfil/UPTS30166502.xlsx'
2014-12-10 00:09:46: Kopieer Over 'C:\xampp\htdocs\gewoonoefenen.nl\go2\acom\in_smgn.php' -> 'ftp://gewoonoefenen.nl/httpdocs/go2/acom/in_smgn.php'
2014-12-10 00:09:47: Opslaan Status Bestand ftp://gewoonoefenen.nl/httpdocs/go2/_gsdata_/_file_state_v4._gs
2014-12-10 00:09:47: Items gesynchroniseerd OK: 8, fouten: 0
2014-12-10 00:09:48: == Sync Completed. Time: 00:00:07, Speed: 5,02 kB/s (138 kB/s)
2014-12-10 00:09:48: 
