2014-11-15 11:25:27: -- go local - www: ANALYSIS started by User on 'LAP' (GoodSync 9.4.8.5)
2014-11-15 11:25:27: C:\xampp\htdocs\gewoonoefenen.nl\go2 <-> ftp://gewoonoefenen.nl/httpdocs/go2
2014-11-15 11:25:27: links: Bestanden: 1.037 (uitgesloten 2). Mappen: 139 (uitgesloten 2). C: NTFS, Vrij: 756 MB, Totaal: 69,3 GB
2014-11-15 11:29:58: rechts: Bestanden: 1.039 (uitgesloten 0). Mappen: 139 (uitgesloten 1). FTP: ProFTPD 1.3.0 Server (ProFTPD) [46.235.47.119]
2014-11-15 11:29:58: Veranderingen: 60, Conflicten: 0, Kopieertijd: 0, Kopieerstatus: 0/2, Fouten: 0
2014-11-15 11:29:58: Left to Right: Copy File: 33 Delete File: 26 
2014-11-15 11:29:58: Right to Left: Copy File: 1 
2014-11-15 11:29:58: -- Analysis Completed. Time 00:04:44, Speed: 27 files/s
2014-11-15 11:29:58: 
2014-11-15 11:30:23: == go local - www: SYNC started by User on 'LAP'
2014-11-15 11:30:23: C:\xampp\htdocs\gewoonoefenen.nl\go2 <-> ftp://gewoonoefenen.nl/httpdocs/go2
2014-11-15 11:30:24: Verwijder Bestand 'ftp://gewoonoefenen.nl/httpdocs/go2/zfil/UPTS26949751.xlsx'
2014-11-15 11:30:24: Verwijder Bestand 'ftp://gewoonoefenen.nl/httpdocs/go2/zfil/UPTS26950144.xlsx'
2014-11-15 11:30:24: Verwijder Bestand 'ftp://gewoonoefenen.nl/httpdocs/go2/zfil/UPTS26950822.xlsx'
2014-11-15 11:30:24: Verwijder Bestand 'ftp://gewoonoefenen.nl/httpdocs/go2/zfil/UPTS26951283.xlsx'
2014-11-15 11:30:24: Verwijder Bestand 'ftp://gewoonoefenen.nl/httpdocs/go2/zfil/UPTS26951422.xlsx'
2014-11-15 11:30:25: Verwijder Bestand 'ftp://gewoonoefenen.nl/httpdocs/go2/zfil/UPTS26951530.xlsx'
2014-11-15 11:30:25: Verwijder Bestand 'ftp://gewoonoefenen.nl/httpdocs/go2/zfil/UPTS26951729.xlsx'
2014-11-15 11:30:25: Verwijder Bestand 'ftp://gewoonoefenen.nl/httpdocs/go2/zfil/UPTS26952057.xlsx'
2014-11-15 11:30:25: Verwijder Bestand 'ftp://gewoonoefenen.nl/httpdocs/go2/zfil/UPTS26953234.xlsx'
2014-11-15 11:30:25: Verwijder Bestand 'ftp://gewoonoefenen.nl/httpdocs/go2/zfil/UPTS26953281.xlsx'
2014-11-15 11:30:25: Verwijder Bestand 'ftp://gewoonoefenen.nl/httpdocs/go2/zfil/UPTS26953979.xlsx'
2014-11-15 11:30:25: Verwijder Bestand 'ftp://gewoonoefenen.nl/httpdocs/go2/zfil/UPTS26955120.xlsx'
2014-11-15 11:30:25: Verwijder Bestand 'ftp://gewoonoefenen.nl/httpdocs/go2/zfil/UPTS26955407.xlsx'
2014-11-15 11:30:25: Verwijder Bestand 'ftp://gewoonoefenen.nl/httpdocs/go2/zfil/UPTS26955590.xlsx'
2014-11-15 11:30:25: Verwijder Bestand 'ftp://gewoonoefenen.nl/httpdocs/go2/zfil/UPTS26955727.xlsx'
2014-11-15 11:30:25: Verwijder Bestand 'ftp://gewoonoefenen.nl/httpdocs/go2/zfil/UPTS26955729.xlsx'
2014-11-15 11:30:25: Verwijder Bestand 'ftp://gewoonoefenen.nl/httpdocs/go2/zfil/UPTS26956208.xlsx'
2014-11-15 11:30:25: Verwijder Bestand 'ftp://gewoonoefenen.nl/httpdocs/go2/zfil/UPTS26957114.xlsx'
2014-11-15 11:30:26: Verwijder Bestand 'ftp://gewoonoefenen.nl/httpdocs/go2/zfil/UPTS26958103.xlsx'
2014-11-15 11:30:26: Verwijder Bestand 'ftp://gewoonoefenen.nl/httpdocs/go2/zfil/UPTS26959523.xlsx'
2014-11-15 11:30:26: Verwijder Bestand 'ftp://gewoonoefenen.nl/httpdocs/go2/zfil/UPTS26959571.xlsx'
2014-11-15 11:30:26: Verwijder Bestand 'ftp://gewoonoefenen.nl/httpdocs/go2/zfil/UPTS26959658.xlsx'
2014-11-15 11:30:26: Verwijder Bestand 'ftp://gewoonoefenen.nl/httpdocs/go2/zfil/UPTS26962220.xlsx'
2014-11-15 11:30:26: Verwijder Bestand 'ftp://gewoonoefenen.nl/httpdocs/go2/zfil/UPTS26962384.xlsx'
2014-11-15 11:30:26: Verwijder Bestand 'ftp://gewoonoefenen.nl/httpdocs/go2/zfil/UPTS26962408.xlsx'
2014-11-15 11:30:26: Verwijder Bestand 'ftp://gewoonoefenen.nl/httpdocs/go2/zfil/UPTS26962831.xlsx'
2014-11-15 11:30:27: Kopieer Over 'C:\xampp\htdocs\gewoonoefenen.nl\go2\acom\gosm.js' -> 'ftp://gewoonoefenen.nl/httpdocs/go2/acom/gosm.js'
2014-11-15 11:30:27: Kopieer Over 'C:\xampp\htdocs\gewoonoefenen.nl\go2\acom\in_smgn.php' -> 'ftp://gewoonoefenen.nl/httpdocs/go2/acom/in_smgn.php'
2014-11-15 11:30:28: Kopieer Over 'C:\xampp\htdocs\gewoonoefenen.nl\go2\acom\in_smst.php' -> 'ftp://gewoonoefenen.nl/httpdocs/go2/acom/in_smst.php'
2014-11-15 11:30:29: Kopieer Over 'C:\xampp\htdocs\gewoonoefenen.nl\go2\acom\in_smtn.php' -> 'ftp://gewoonoefenen.nl/httpdocs/go2/acom/in_smtn.php'
2014-11-15 11:30:29: Kopieer Nieuw 'C:\xampp\htdocs\gewoonoefenen.nl\go2\acom\pi_cotn.php' -> 'ftp://gewoonoefenen.nl/httpdocs/go2/acom/pi_cotn.php'
2014-11-15 11:30:30: Kopieer Over 'C:\xampp\htdocs\gewoonoefenen.nl\go2\acom\pi_cots.php' -> 'ftp://gewoonoefenen.nl/httpdocs/go2/acom/pi_cots.php'
2014-11-15 11:30:30: Kopieer Over 'C:\xampp\htdocs\gewoonoefenen.nl\go2\acom\pi_smaa.php' -> 'ftp://gewoonoefenen.nl/httpdocs/go2/acom/pi_smaa.php'
2014-11-15 11:30:31: Kopieer Nieuw 'C:\xampp\htdocs\gewoonoefenen.nl\go2\acom\ts_par.php' -> 'ftp://gewoonoefenen.nl/httpdocs/go2/acom/ts_par.php'
2014-11-15 11:30:31: Kopieer Over 'C:\xampp\htdocs\gewoonoefenen.nl\go2\acom\up_cold.php' -> 'ftp://gewoonoefenen.nl/httpdocs/go2/acom/up_cold.php'
2014-11-15 11:30:32: Kopieer Over 'C:\xampp\htdocs\gewoonoefenen.nl\go2\acom\up_smtn.php' -> 'ftp://gewoonoefenen.nl/httpdocs/go2/acom/up_smtn.php'
2014-11-15 11:30:33: Kopieer Nieuw 'ftp://gewoonoefenen.nl/httpdocs/go2/zfil/UPTS27126861.xlsx' -> 'C:\xampp\htdocs\gewoonoefenen.nl\go2\zfil\UPTS27126861.xlsx'
2014-11-15 11:30:33: Kopieer Nieuw 'C:\xampp\htdocs\gewoonoefenen.nl\go2\zfil\UPTS28151411.xlsx' -> 'ftp://gewoonoefenen.nl/httpdocs/go2/zfil/UPTS28151411.xlsx'
2014-11-15 11:30:34: Kopieer Nieuw 'C:\xampp\htdocs\gewoonoefenen.nl\go2\zfil\UPTS28151501.xlsx' -> 'ftp://gewoonoefenen.nl/httpdocs/go2/zfil/UPTS28151501.xlsx'
2014-11-15 11:30:35: Kopieer Nieuw 'C:\xampp\htdocs\gewoonoefenen.nl\go2\zfil\UPTS28157182.xlsx' -> 'ftp://gewoonoefenen.nl/httpdocs/go2/zfil/UPTS28157182.xlsx'
2014-11-15 11:30:35: Kopieer Nieuw 'C:\xampp\htdocs\gewoonoefenen.nl\go2\zfil\UPTS28157351.xlsx' -> 'ftp://gewoonoefenen.nl/httpdocs/go2/zfil/UPTS28157351.xlsx'
2014-11-15 11:30:36: Kopieer Nieuw 'C:\xampp\htdocs\gewoonoefenen.nl\go2\zfil\UPTS28169614.xlsx' -> 'ftp://gewoonoefenen.nl/httpdocs/go2/zfil/UPTS28169614.xlsx'
2014-11-15 11:30:37: Kopieer Nieuw 'C:\xampp\htdocs\gewoonoefenen.nl\go2\zfil\UPTS28170557.xlsx' -> 'ftp://gewoonoefenen.nl/httpdocs/go2/zfil/UPTS28170557.xlsx'
2014-11-15 11:30:37: Kopieer Nieuw 'C:\xampp\htdocs\gewoonoefenen.nl\go2\zfil\UPTS28170881.xlsx' -> 'ftp://gewoonoefenen.nl/httpdocs/go2/zfil/UPTS28170881.xlsx'
2014-11-15 11:30:38: Kopieer Nieuw 'C:\xampp\htdocs\gewoonoefenen.nl\go2\zfil\UPTS28172736.xlsx' -> 'ftp://gewoonoefenen.nl/httpdocs/go2/zfil/UPTS28172736.xlsx'
2014-11-15 11:30:39: Kopieer Nieuw 'C:\xampp\htdocs\gewoonoefenen.nl\go2\zfil\UPTS28172936.xlsx' -> 'ftp://gewoonoefenen.nl/httpdocs/go2/zfil/UPTS28172936.xlsx'
2014-11-15 11:30:39: Kopieer Nieuw 'C:\xampp\htdocs\gewoonoefenen.nl\go2\zfil\UPTS28173260.xlsx' -> 'ftp://gewoonoefenen.nl/httpdocs/go2/zfil/UPTS28173260.xlsx'
2014-11-15 11:30:40: Kopieer Nieuw 'C:\xampp\htdocs\gewoonoefenen.nl\go2\zfil\UPTS28173313.xlsx' -> 'ftp://gewoonoefenen.nl/httpdocs/go2/zfil/UPTS28173313.xlsx'
2014-11-15 11:30:42: Kopieer Nieuw 'C:\xampp\htdocs\gewoonoefenen.nl\go2\zfil\UPTS28173447.xlsx' -> 'ftp://gewoonoefenen.nl/httpdocs/go2/zfil/UPTS28173447.xlsx'
2014-11-15 11:30:43: Kopieer Nieuw 'C:\xampp\htdocs\gewoonoefenen.nl\go2\zfil\UPTS28175457.xlsx' -> 'ftp://gewoonoefenen.nl/httpdocs/go2/zfil/UPTS28175457.xlsx'
2014-11-15 11:30:43: Kopieer Nieuw 'C:\xampp\htdocs\gewoonoefenen.nl\go2\zfil\UPTS28179039.xlsx' -> 'ftp://gewoonoefenen.nl/httpdocs/go2/zfil/UPTS28179039.xlsx'
2014-11-15 11:30:44: Kopieer Nieuw 'C:\xampp\htdocs\gewoonoefenen.nl\go2\zfil\UPTS28179061.xlsx' -> 'ftp://gewoonoefenen.nl/httpdocs/go2/zfil/UPTS28179061.xlsx'
2014-11-15 11:30:45: Kopieer Nieuw 'C:\xampp\htdocs\gewoonoefenen.nl\go2\zfil\UPTS28179289.xlsx' -> 'ftp://gewoonoefenen.nl/httpdocs/go2/zfil/UPTS28179289.xlsx'
2014-11-15 11:30:45: Kopieer Nieuw 'C:\xampp\htdocs\gewoonoefenen.nl\go2\zfil\UPTS28180738.xlsx' -> 'ftp://gewoonoefenen.nl/httpdocs/go2/zfil/UPTS28180738.xlsx'
2014-11-15 11:30:46: Kopieer Nieuw 'C:\xampp\htdocs\gewoonoefenen.nl\go2\zfil\UPTS28180779.xlsx' -> 'ftp://gewoonoefenen.nl/httpdocs/go2/zfil/UPTS28180779.xlsx'
2014-11-15 11:30:47: Kopieer Nieuw 'C:\xampp\htdocs\gewoonoefenen.nl\go2\zfil\UPTS28181446.xlsx' -> 'ftp://gewoonoefenen.nl/httpdocs/go2/zfil/UPTS28181446.xlsx'
2014-11-15 11:30:47: Kopieer Nieuw 'C:\xampp\htdocs\gewoonoefenen.nl\go2\zfil\UPTS28181513.xlsx' -> 'ftp://gewoonoefenen.nl/httpdocs/go2/zfil/UPTS28181513.xlsx'
2014-11-15 11:30:48: Kopieer Nieuw 'C:\xampp\htdocs\gewoonoefenen.nl\go2\zfil\UPTS28181619.xlsx' -> 'ftp://gewoonoefenen.nl/httpdocs/go2/zfil/UPTS28181619.xlsx'
2014-11-15 11:30:49: Kopieer Nieuw 'C:\xampp\htdocs\gewoonoefenen.nl\go2\zfil\UPTS28181635.xlsx' -> 'ftp://gewoonoefenen.nl/httpdocs/go2/zfil/UPTS28181635.xlsx'
2014-11-15 11:30:49: Kopieer Nieuw 'C:\xampp\htdocs\gewoonoefenen.nl\go2\zfil\UPTS28184328.xlsx' -> 'ftp://gewoonoefenen.nl/httpdocs/go2/zfil/UPTS28184328.xlsx'
2014-11-15 11:30:50: Opslaan Status Bestand ftp://gewoonoefenen.nl/httpdocs/go2/_gsdata_/_file_state_v4._gs
2014-11-15 11:30:50: Deleted Recycled: ftp://gewoonoefenen.nl/httpdocs/go2/_gsdata_/_saved_/zfil/UPTS24461517.xlsx
2014-11-15 11:30:51: Deleted Recycled: ftp://gewoonoefenen.nl/httpdocs/go2/_gsdata_/_saved_/acom/up_deus.php
2014-11-15 11:30:51: Deleted Recycled: ftp://gewoonoefenen.nl/httpdocs/go2/_gsdata_/_saved_/zfil/UPTS24462295.xlsx
2014-11-15 11:30:51: Deleted Recycled: ftp://gewoonoefenen.nl/httpdocs/go2/_gsdata_/_saved_/acom/in_func.php
2014-11-15 11:30:52: Deleted Recycled: ftp://gewoonoefenen.nl/httpdocs/go2/_gsdata_/_saved_/zfil/UPTS24462038.xlsx
2014-11-15 11:30:52: Items gesynchroniseerd OK: 62, fouten: 0
2014-11-15 11:30:53: == Sync Completed. Time: 00:00:31, Speed: 18,9 kB/s (29,0 kB/s)
2014-11-15 11:30:53: 
