2014-12-04 23:00:31: -- go local - www: ANALYSIS started by User on 'LAP' (GoodSync 9.4.8.5)
2014-12-04 23:00:31: C:\xampp\htdocs\gewoonoefenen.nl\go2 <-> ftp://gewoonoefenen.nl/httpdocs/go2
2014-12-04 23:00:32: links: Bestanden: 1.037 (uitgesloten 2). Mappen: 139 (uitgesloten 2). C: NTFS, Vrij: 12,0 GB, Totaal: 69,3 GB
2014-12-04 23:01:04: rechts: Bestanden: 1.028 (uitgesloten 0). Mappen: 139 (uitgesloten 1). FTP: ProFTPD 1.3.0 Server (ProFTPD) [46.235.47.119]
2014-12-04 23:01:04: Veranderingen: 26, Conflicten: 0, Kopieertijd: 0, Kopieerstatus: 0/2, Fouten: 0
2014-12-04 23:01:04: Left to Right: Copy File: 18 Delete File: 4 
2014-12-04 23:01:04: Right to Left: Copy File: 4 
2014-12-04 23:01:04: -- Analysis Completed. Time 00:00:34, Speed: 34 files/s
2014-12-04 23:01:04: 
2014-12-04 23:01:08: == go local - www: SYNC started by User on 'LAP'
2014-12-04 23:01:08: C:\xampp\htdocs\gewoonoefenen.nl\go2 <-> ftp://gewoonoefenen.nl/httpdocs/go2
2014-12-04 23:01:11: Verwijder Bestand 'ftp://gewoonoefenen.nl/httpdocs/go2/zfil/UPTS29735541.xlsx'
2014-12-04 23:01:11: Verwijder Bestand 'ftp://gewoonoefenen.nl/httpdocs/go2/zfil/UPTS29735752.xlsx'
2014-12-04 23:01:11: Verwijder Bestand 'ftp://gewoonoefenen.nl/httpdocs/go2/zfil/UPTS29736733.xlsx'
2014-12-04 23:01:12: Verwijder Bestand 'ftp://gewoonoefenen.nl/httpdocs/go2/zfil/UPTS29736735.xlsx'
2014-12-04 23:01:12: Kopieer Over 'C:\xampp\htdocs\gewoonoefenen.nl\go2\acom\in_smgn.php' -> 'ftp://gewoonoefenen.nl/httpdocs/go2/acom/in_smgn.php'
2014-12-04 23:01:13: Kopieer Nieuw 'ftp://gewoonoefenen.nl/httpdocs/go2/zfil/UPTS29801695.xlsx' -> 'C:\xampp\htdocs\gewoonoefenen.nl\go2\zfil\UPTS29801695.xlsx'
2014-12-04 23:01:14: Kopieer Nieuw 'C:\xampp\htdocs\gewoonoefenen.nl\go2\zfil\UPTS29805516.xlsx' -> 'ftp://gewoonoefenen.nl/httpdocs/go2/zfil/UPTS29805516.xlsx'
2014-12-04 23:01:14: Kopieer Nieuw 'C:\xampp\htdocs\gewoonoefenen.nl\go2\zfil\UPTS29805689.xlsx' -> 'ftp://gewoonoefenen.nl/httpdocs/go2/zfil/UPTS29805689.xlsx'
2014-12-04 23:01:15: Kopieer Nieuw 'C:\xampp\htdocs\gewoonoefenen.nl\go2\zfil\UPTS29805820.xlsx' -> 'ftp://gewoonoefenen.nl/httpdocs/go2/zfil/UPTS29805820.xlsx'
2014-12-04 23:01:16: Kopieer Nieuw 'C:\xampp\htdocs\gewoonoefenen.nl\go2\zfil\UPTS29811311.xlsx' -> 'ftp://gewoonoefenen.nl/httpdocs/go2/zfil/UPTS29811311.xlsx'
2014-12-04 23:01:17: Kopieer Nieuw 'C:\xampp\htdocs\gewoonoefenen.nl\go2\zfil\UPTS29812450.xlsx' -> 'ftp://gewoonoefenen.nl/httpdocs/go2/zfil/UPTS29812450.xlsx'
2014-12-04 23:01:17: Kopieer Nieuw 'C:\xampp\htdocs\gewoonoefenen.nl\go2\zfil\UPTS29812486.xlsx' -> 'ftp://gewoonoefenen.nl/httpdocs/go2/zfil/UPTS29812486.xlsx'
2014-12-04 23:01:18: Kopieer Nieuw 'C:\xampp\htdocs\gewoonoefenen.nl\go2\zfil\UPTS29814164.xlsx' -> 'ftp://gewoonoefenen.nl/httpdocs/go2/zfil/UPTS29814164.xlsx'
2014-12-04 23:01:19: Kopieer Nieuw 'C:\xampp\htdocs\gewoonoefenen.nl\go2\zfil\UPTS29826956.xlsx' -> 'ftp://gewoonoefenen.nl/httpdocs/go2/zfil/UPTS29826956.xlsx'
2014-12-04 23:01:20: Kopieer Nieuw 'C:\xampp\htdocs\gewoonoefenen.nl\go2\zfil\UPTS29827234.xlsx' -> 'ftp://gewoonoefenen.nl/httpdocs/go2/zfil/UPTS29827234.xlsx'
2014-12-04 23:01:20: Kopieer Nieuw 'C:\xampp\htdocs\gewoonoefenen.nl\go2\zfil\UPTS29827539.xlsx' -> 'ftp://gewoonoefenen.nl/httpdocs/go2/zfil/UPTS29827539.xlsx'
2014-12-04 23:01:21: Kopieer Nieuw 'C:\xampp\htdocs\gewoonoefenen.nl\go2\zfil\UPTS29873666.xlsx' -> 'ftp://gewoonoefenen.nl/httpdocs/go2/zfil/UPTS29873666.xlsx'
2014-12-04 23:01:22: Kopieer Nieuw 'C:\xampp\htdocs\gewoonoefenen.nl\go2\zfil\UPTS29907447.xlsx' -> 'ftp://gewoonoefenen.nl/httpdocs/go2/zfil/UPTS29907447.xlsx'
2014-12-04 23:01:22: Kopieer Nieuw 'C:\xampp\htdocs\gewoonoefenen.nl\go2\zfil\UPTS29907536.xlsx' -> 'ftp://gewoonoefenen.nl/httpdocs/go2/zfil/UPTS29907536.xlsx'
2014-12-04 23:01:23: Kopieer Nieuw 'C:\xampp\htdocs\gewoonoefenen.nl\go2\zfil\UPTS29908144.xlsx' -> 'ftp://gewoonoefenen.nl/httpdocs/go2/zfil/UPTS29908144.xlsx'
2014-12-04 23:01:24: Kopieer Nieuw 'C:\xampp\htdocs\gewoonoefenen.nl\go2\zfil\UPTS29909933.xlsx' -> 'ftp://gewoonoefenen.nl/httpdocs/go2/zfil/UPTS29909933.xlsx'
2014-12-04 23:01:25: Kopieer Nieuw 'C:\xampp\htdocs\gewoonoefenen.nl\go2\zfil\UPTS29910165.xlsx' -> 'ftp://gewoonoefenen.nl/httpdocs/go2/zfil/UPTS29910165.xlsx'
2014-12-04 23:01:29: Kopieer Nieuw 'ftp://gewoonoefenen.nl/httpdocs/go2/zfil/UPTS29910249.xlsx' -> 'C:\xampp\htdocs\gewoonoefenen.nl\go2\zfil\UPTS29910249.xlsx'
2014-12-04 23:01:34: Kopieer Nieuw 'ftp://gewoonoefenen.nl/httpdocs/go2/zfil/UPTS29910501.xlsx' -> 'C:\xampp\htdocs\gewoonoefenen.nl\go2\zfil\UPTS29910501.xlsx'
2014-12-04 23:01:35: Kopieer Nieuw 'ftp://gewoonoefenen.nl/httpdocs/go2/zfil/UPTS29910641.xlsx' -> 'C:\xampp\htdocs\gewoonoefenen.nl\go2\zfil\UPTS29910641.xlsx'
2014-12-04 23:01:37: Kopieer Nieuw 'C:\xampp\htdocs\gewoonoefenen.nl\go2\zfil\UPTS29910810.xlsx' -> 'ftp://gewoonoefenen.nl/httpdocs/go2/zfil/UPTS29910810.xlsx'
2014-12-04 23:01:38: Opslaan Status Bestand ftp://gewoonoefenen.nl/httpdocs/go2/_gsdata_/_file_state_v4._gs
2014-12-04 23:01:38: Items gesynchroniseerd OK: 28, fouten: 0
2014-12-04 23:01:39: == Sync Completed. Time: 00:00:32, Speed: 14,7 kB/s (73,3 kB/s)
2014-12-04 23:01:39: 
